
=== Wed Mar  8 09:14:27 2023

Packages were changed.
Update Mode: mergeDefaultDependencies

The following packages were added:
  com.unity.collab-proxy@1.15.13
  com.unity.ide.rider@2.0.7
  com.unity.ide.vscode@1.2.5
  com.unity.modules.ai@1.0.0
  com.unity.modules.androidjni@1.0.0
  com.unity.modules.cloth@1.0.0
  com.unity.modules.terrain@1.0.0
  com.unity.modules.terrainphysics@1.0.0
  com.unity.modules.tilemap@1.0.0
  com.unity.modules.uielements@1.0.0
  com.unity.modules.umbra@1.0.0
  com.unity.modules.unityanalytics@1.0.0
  com.unity.modules.wind@1.0.0
The following packages were updated:
  com.unity.burst from version 1.4.11 to 1.6.4
  com.unity.cinemachine from version 2.6.10 to 2.6.11
  com.unity.ide.visualstudio from version 2.0.11 to 2.0.14
  com.unity.postprocessing from version 3.1.1 to 3.2.1
  com.unity.test-framework from version 1.1.29 to 1.1.31

=== Fri Mar 31 09:32:32 2023

Packages were changed.
Update Mode: updateDependencies

The following packages were updated:
  com.unity.collab-proxy from version 1.15.13 to 1.17.7
  com.unity.ide.rider from version 2.0.7 to 3.0.17
  com.unity.ide.visualstudio from version 2.0.14 to 2.0.17
  com.unity.test-framework from version 1.1.31 to 1.1.33
